This file contains any messages produced by compilers while
running configure, to aid debugging if configure makes a mistake.

It was created by trng configure 4.19, which was
generated by GNU Autoconf 2.69.  Invocation command line was

  $ ./configure --no-create --no-recursion

## --------- ##
## Platform. ##
## --------- ##

hostname = kittycatmeow
uname -m = x86_64
uname -r = 4.2.0-35-generic
uname -s = Linux
uname -v = #40-Ubuntu SMP Tue Mar 15 22:15:45 UTC 2016

/usr/bin/uname -p = unknown
/bin/uname -X     = unknown

/bin/arch              = unknown
/usr/bin/arch -k       = unknown
/usr/convex/getsysinfo = unknown
/usr/bin/hostinfo      = unknown
/bin/machine           = unknown
/usr/bin/oslevel       = unknown
/bin/universe          = unknown

PATH: /usr/local/sbin
PATH: /usr/local/bin
PATH: /usr/sbin
PATH: /usr/bin
PATH: /sbin
PATH: /bin
PATH: /usr/games
PATH: /usr/local/games


## ----------- ##
## Core tests. ##
## ----------- ##

configure:2460: checking for a BSD-compatible install
configure:2528: result: /usr/bin/install -c
configure:2539: checking whether build environment is sane
configure:2594: result: yes
configure:2745: checking for a thread-safe mkdir -p
configure:2784: result: /bin/mkdir -p
configure:2791: checking for gawk
configure:2821: result: no
configure:2791: checking for mawk
configure:2807: found /usr/bin/mawk
configure:2818: result: mawk
configure:2829: checking whether make sets $(MAKE)
configure:2851: result: yes
configure:2880: checking whether make supports nested variables
configure:2897: result: yes
configure:3100: checking for g++
configure:3116: found /usr/bin/g++
configure:3127: result: g++
configure:3154: checking for C++ compiler version
configure:3163: g++ --version >&5
g++ (Ubuntu 5.2.1-22ubuntu2) 5.2.1 20151010
Copyright (C) 2015 Free Software Foundation, Inc.
This is free software; see the source for copying conditions.  There is NO
warranty; not even for MERCHANTABILITY or FITNESS FOR A PARTICULAR PURPOSE.

configure:3174: $? = 0
configure:3163: g++ -v >&5
Using built-in specs.
COLLECT_GCC=g++
COLLECT_LTO_WRAPPER=/usr/lib/gcc/x86_64-linux-gnu/5/lto-wrapper
Target: x86_64-linux-gnu
Configured with: ../src/configure -v --with-pkgversion='Ubuntu 5.2.1-22ubuntu2' --with-bugurl=file:///usr/share/doc/gcc-5/README.Bugs --enable-languages=c,ada,c++,java,go,d,fortran,objc,obj-c++ --prefix=/usr --program-suffix=-5 --enable-shared --enable-linker-build-id --libexecdir=/usr/lib --without-included-gettext --enable-threads=posix --libdir=/usr/lib --enable-nls --with-sysroot=/ --enable-clocale=gnu --enable-libstdcxx-debug --enable-libstdcxx-time=yes --with-default-libstdcxx-abi=new --enable-gnu-unique-object --disable-vtable-verify --enable-libmpx --enable-plugin --with-system-zlib --disable-browser-plugin --enable-java-awt=gtk --enable-gtk-cairo --with-java-home=/usr/lib/jvm/java-1.5.0-gcj-5-amd64/jre --enable-java-home --with-jvm-root-dir=/usr/lib/jvm/java-1.5.0-gcj-5-amd64 --with-jvm-jar-dir=/usr/lib/jvm-exports/java-1.5.0-gcj-5-amd64 --with-arch-directory=amd64 --with-ecj-jar=/usr/share/java/eclipse-ecj.jar --enable-objc-gc --enable-multiarch --disable-werror --with-arch-32=i686 --with-abi=m64 --with-multilib-list=m32,m64,mx32 --enable-multilib --with-tune=generic --enable-checking=release --build=x86_64-linux-gnu --host=x86_64-linux-gnu --target=x86_64-linux-gnu
Thread model: posix
gcc version 5.2.1 20151010 (Ubuntu 5.2.1-22ubuntu2) 
configure:3174: $? = 0
configure:3163: g++ -V >&5
g++: error: unrecognized command line option '-V'
g++: fatal error: no input files
compilation terminated.
configure:3174: $? = 1
configure:3163: g++ -qversion >&5
g++: error: unrecognized command line option '-qversion'
g++: fatal error: no input files
compilation terminated.
configure:3174: $? = 1
configure:3194: checking whether the C++ compiler works
configure:3216: g++    conftest.cpp  >&5
configure:3220: $? = 0
configure:3268: result: yes
configure:3271: checking for C++ compiler default output file name
configure:3273: result: a.out
configure:3279: checking for suffix of executables
configure:3286: g++ -o conftest    conftest.cpp  >&5
configure:3290: $? = 0
configure:3312: result: 
configure:3334: checking whether we are cross compiling
configure:3342: g++ -o conftest    conftest.cpp  >&5
configure:3346: $? = 0
configure:3353: ./conftest
configure:3357: $? = 0
configure:3372: result: no
configure:3377: checking for suffix of object files
configure:3399: g++ -c   conftest.cpp >&5
configure:3403: $? = 0
configure:3424: result: o
configure:3428: checking whether we are using the GNU C++ compiler
configure:3447: g++ -c   conftest.cpp >&5
configure:3447: $? = 0
configure:3456: result: yes
configure:3465: checking whether g++ accepts -g
configure:3485: g++ -c -g  conftest.cpp >&5
configure:3485: $? = 0
configure:3526: result: yes
configure:3560: checking for style of include used by make
configure:3588: result: GNU
configure:3614: checking dependency style of g++
configure:3725: result: gcc3
configure:3741: checking whether make sets $(MAKE)
configure:3763: result: yes
configure:3801: checking build system type
configure:3815: result: x86_64-unknown-linux-gnu
configure:3835: checking host system type
configure:3848: result: x86_64-unknown-linux-gnu
configure:3889: checking how to print strings
configure:3916: result: printf
configure:3985: checking for gcc
configure:4001: found /usr/bin/gcc
configure:4012: result: gcc
configure:4241: checking for C compiler version
configure:4250: gcc --version >&5
gcc (Ubuntu 5.2.1-22ubuntu2) 5.2.1 20151010
Copyright (C) 2015 Free Software Foundation, Inc.
This is free software; see the source for copying conditions.  There is NO
warranty; not even for MERCHANTABILITY or FITNESS FOR A PARTICULAR PURPOSE.

configure:4261: $? = 0
configure:4250: gcc -v >&5
Using built-in specs.
COLLECT_GCC=gcc
COLLECT_LTO_WRAPPER=/usr/lib/gcc/x86_64-linux-gnu/5/lto-wrapper
Target: x86_64-linux-gnu
Configured with: ../src/configure -v --with-pkgversion='Ubuntu 5.2.1-22ubuntu2' --with-bugurl=file:///usr/share/doc/gcc-5/README.Bugs --enable-languages=c,ada,c++,java,go,d,fortran,objc,obj-c++ --prefix=/usr --program-suffix=-5 --enable-shared --enable-linker-build-id --libexecdir=/usr/lib --without-included-gettext --enable-threads=posix --libdir=/usr/lib --enable-nls --with-sysroot=/ --enable-clocale=gnu --enable-libstdcxx-debug --enable-libstdcxx-time=yes --with-default-libstdcxx-abi=new --enable-gnu-unique-object --disable-vtable-verify --enable-libmpx --enable-plugin --with-system-zlib --disable-browser-plugin --enable-java-awt=gtk --enable-gtk-cairo --with-java-home=/usr/lib/jvm/java-1.5.0-gcj-5-amd64/jre --enable-java-home --with-jvm-root-dir=/usr/lib/jvm/java-1.5.0-gcj-5-amd64 --with-jvm-jar-dir=/usr/lib/jvm-exports/java-1.5.0-gcj-5-amd64 --with-arch-directory=amd64 --with-ecj-jar=/usr/share/java/eclipse-ecj.jar --enable-objc-gc --enable-multiarch --disable-werror --with-arch-32=i686 --with-abi=m64 --with-multilib-list=m32,m64,mx32 --enable-multilib --with-tune=generic --enable-checking=release --build=x86_64-linux-gnu --host=x86_64-linux-gnu --target=x86_64-linux-gnu
Thread model: posix
gcc version 5.2.1 20151010 (Ubuntu 5.2.1-22ubuntu2) 
configure:4261: $? = 0
configure:4250: gcc -V >&5
gcc: error: unrecognized command line option '-V'
gcc: fatal error: no input files
compilation terminated.
configure:4261: $? = 1
configure:4250: gcc -qversion >&5
gcc: error: unrecognized command line option '-qversion'
gcc: fatal error: no input files
compilation terminated.
configure:4261: $? = 1
configure:4265: checking whether we are using the GNU C compiler
configure:4284: gcc -c   conftest.c >&5
configure:4284: $? = 0
configure:4293: result: yes
configure:4302: checking whether gcc accepts -g
configure:4322: gcc -c -g  conftest.c >&5
configure:4322: $? = 0
configure:4363: result: yes
configure:4380: checking for gcc option to accept ISO C89
configure:4443: gcc  -c -g -O2  conftest.c >&5
configure:4443: $? = 0
configure:4456: result: none needed
configure:4481: checking whether gcc understands -c and -o together
configure:4503: gcc -c conftest.c -o conftest2.o
configure:4506: $? = 0
configure:4503: gcc -c conftest.c -o conftest2.o
configure:4506: $? = 0
configure:4518: result: yes
configure:4537: checking dependency style of gcc
configure:4648: result: gcc3
configure:4663: checking for a sed that does not truncate output
configure:4727: result: /bin/sed
configure:4745: checking for grep that handles long lines and -e
configure:4803: result: /bin/grep
configure:4808: checking for egrep
configure:4870: result: /bin/grep -E
configure:4875: checking for fgrep
configure:4937: result: /bin/grep -F
configure:4972: checking for ld used by gcc
configure:5039: result: /usr/bin/ld
configure:5046: checking if the linker (/usr/bin/ld) is GNU ld
configure:5061: result: yes
configure:5073: checking for BSD- or MS-compatible name lister (nm)
configure:5122: result: /usr/bin/nm -B
configure:5252: checking the name lister (/usr/bin/nm -B) interface
configure:5259: g++ -c -g -O2  conftest.cpp >&5
configure:5262: /usr/bin/nm -B "conftest.o"
configure:5265: output
0000000000000000 B some_variable
configure:5272: result: BSD nm
configure:5275: checking whether ln -s works
configure:5279: result: yes
configure:5287: checking the maximum length of command line arguments
configure:5418: result: 1572864
configure:5435: checking whether the shell understands some XSI constructs
configure:5445: result: yes
configure:5449: checking whether the shell understands "+="
configure:5455: result: yes
configure:5490: checking how to convert x86_64-unknown-linux-gnu file names to x86_64-unknown-linux-gnu format
configure:5530: result: func_convert_file_noop
configure:5537: checking how to convert x86_64-unknown-linux-gnu file names to toolchain format
configure:5557: result: func_convert_file_noop
configure:5564: checking for /usr/bin/ld option to reload object files
configure:5571: result: -r
configure:5645: checking for objdump
configure:5661: found /usr/bin/objdump
configure:5672: result: objdump
configure:5704: checking how to recognize dependent libraries
configure:5902: result: pass_all
configure:5987: checking for dlltool
configure:6017: result: no
configure:6047: checking how to associate runtime and link libraries
configure:6074: result: printf %s\n
configure:6135: checking for ar
configure:6151: found /usr/bin/ar
configure:6162: result: ar
configure:6199: checking for archiver @FILE support
configure:6216: g++ -c -g -O2  conftest.cpp >&5
configure:6216: $? = 0
configure:6219: ar cru libconftest.a @conftest.lst >&5
ar: `u' modifier ignored since `D' is the default (see `U')
configure:6222: $? = 0
configure:6227: ar cru libconftest.a @conftest.lst >&5
ar: `u' modifier ignored since `D' is the default (see `U')
ar: conftest.o: No such file or directory
configure:6230: $? = 1
configure:6242: result: @
configure:6300: checking for strip
configure:6316: found /usr/bin/strip
configure:6327: result: strip
configure:6399: checking for ranlib
configure:6415: found /usr/bin/ranlib
configure:6426: result: ranlib
configure:6528: checking command to parse /usr/bin/nm -B output from gcc object
configure:6648: g++ -c -g -O2  conftest.cpp >&5
configure:6651: $? = 0
configure:6655: /usr/bin/nm -B conftest.o \| sed -n -e 's/^.*[ ]\([ABCDGIRSTW][ABCDGIRSTW]*\)[ ][ ]*\([_A-Za-z][_A-Za-z0-9]*\)$/\1 \2 \2/p' | sed '/ __gnu_lto/d' \> conftest.nm
configure:6658: $? = 0
configure:6724: g++ -o conftest -g -O2   conftest.cpp conftstm.o >&5
configure:6727: $? = 0
configure:6765: result: ok
configure:6802: checking for sysroot
configure:6832: result: no
configure:6910: g++ -c -g -O2  conftest.cpp >&5
configure:6913: $? = 0
configure:7102: checking for mt
configure:7118: found /bin/mt
configure:7129: result: mt
configure:7152: checking if mt is a manifest tool
configure:7158: mt '-?'
configure:7166: result: no
configure:7808: checking how to run the C preprocessor
configure:7839: gcc -E  conftest.c
configure:7839: $? = 0
configure:7853: gcc -E  conftest.c
conftest.c:12:28: fatal error: ac_nonexistent.h: No such file or directory
compilation terminated.
configure:7853: $? = 1
configure: failed program was:
| /* confdefs.h */
| #define PACKAGE_NAME "trng"
| #define PACKAGE_TARNAME "trng"
| #define PACKAGE_VERSION "4.19"
| #define PACKAGE_STRING "trng 4.19"
| #define PACKAGE_BUGREPORT "trng@mail.de"
| #define PACKAGE_URL ""
| #define PACKAGE "trng"
| #define VERSION "4.19"
| #define TRNG_VERSION 4.19
| /* end confdefs.h.  */
| #include <ac_nonexistent.h>
configure:7878: result: gcc -E
configure:7898: gcc -E  conftest.c
configure:7898: $? = 0
configure:7912: gcc -E  conftest.c
conftest.c:12:28: fatal error: ac_nonexistent.h: No such file or directory
compilation terminated.
configure:7912: $? = 1
configure: failed program was:
| /* confdefs.h */
| #define PACKAGE_NAME "trng"
| #define PACKAGE_TARNAME "trng"
| #define PACKAGE_VERSION "4.19"
| #define PACKAGE_STRING "trng 4.19"
| #define PACKAGE_BUGREPORT "trng@mail.de"
| #define PACKAGE_URL ""
| #define PACKAGE "trng"
| #define VERSION "4.19"
| #define TRNG_VERSION 4.19
| /* end confdefs.h.  */
| #include <ac_nonexistent.h>
configure:7941: checking for ANSI C header files
configure:7961: gcc -c -g -O2  conftest.c >&5
configure:7961: $? = 0
configure:8034: gcc -o conftest -g -O2   conftest.c  >&5
configure:8034: $? = 0
configure:8034: ./conftest
configure:8034: $? = 0
configure:8045: result: yes
configure:8058: checking for sys/types.h
configure:8058: gcc -c -g -O2  conftest.c >&5
configure:8058: $? = 0
configure:8058: result: yes
configure:8058: checking for sys/stat.h
configure:8058: gcc -c -g -O2  conftest.c >&5
configure:8058: $? = 0
configure:8058: result: yes
configure:8058: checking for stdlib.h
configure:8058: gcc -c -g -O2  conftest.c >&5
configure:8058: $? = 0
configure:8058: result: yes
configure:8058: checking for string.h
configure:8058: gcc -c -g -O2  conftest.c >&5
configure:8058: $? = 0
configure:8058: result: yes
configure:8058: checking for memory.h
configure:8058: gcc -c -g -O2  conftest.c >&5
configure:8058: $? = 0
configure:8058: result: yes
configure:8058: checking for strings.h
configure:8058: gcc -c -g -O2  conftest.c >&5
configure:8058: $? = 0
configure:8058: result: yes
configure:8058: checking for inttypes.h
configure:8058: gcc -c -g -O2  conftest.c >&5
configure:8058: $? = 0
configure:8058: result: yes
configure:8058: checking for stdint.h
configure:8058: gcc -c -g -O2  conftest.c >&5
configure:8058: $? = 0
configure:8058: result: yes
configure:8058: checking for unistd.h
configure:8058: gcc -c -g -O2  conftest.c >&5
configure:8058: $? = 0
configure:8058: result: yes
configure:8072: checking for dlfcn.h
configure:8072: gcc -c -g -O2  conftest.c >&5
configure:8072: $? = 0
configure:8072: result: yes
configure:8288: checking for objdir
configure:8303: result: .libs
configure:8574: checking if gcc supports -fno-rtti -fno-exceptions
configure:8592: gcc -c -g -O2  -fno-rtti -fno-exceptions conftest.c >&5
cc1: warning: command line option '-fno-rtti' is valid for C++/ObjC++ but not for C
configure:8596: $? = 0
configure:8609: result: no
configure:8936: checking for gcc option to produce PIC
configure:8943: result: -fPIC -DPIC
configure:8951: checking if gcc PIC flag -fPIC -DPIC works
configure:8969: gcc -c -g -O2  -fPIC -DPIC -DPIC conftest.c >&5
configure:8973: $? = 0
configure:8986: result: yes
configure:9015: checking if gcc static flag -static works
configure:9043: result: yes
configure:9058: checking if gcc supports -c -o file.o
configure:9079: gcc -c -g -O2  -o out/conftest2.o conftest.c >&5
configure:9083: $? = 0
configure:9105: result: yes
configure:9113: checking if gcc supports -c -o file.o
configure:9160: result: yes
configure:9193: checking whether the gcc linker (/usr/bin/ld -m elf_x86_64) supports shared libraries
configure:10350: result: yes
configure:10387: checking whether -lc should be explicitly linked in
configure:10395: gcc -c -g -O2  conftest.c >&5
configure:10398: $? = 0
configure:10413: gcc -shared  -fPIC -DPIC conftest.o  -v -Wl,-soname -Wl,conftest -o conftest 2\>\&1 \| /bin/grep  -lc  \>/dev/null 2\>\&1
configure:10416: $? = 0
configure:10430: result: no
configure:10590: checking dynamic linker characteristics
configure:11090: gcc -o conftest -g -O2   -Wl,-rpath -Wl,/foo conftest.c  >&5
configure:11090: $? = 0
configure:11324: result: GNU/Linux ld.so
configure:11431: checking how to hardcode library paths into programs
configure:11456: result: immediate
configure:11996: checking whether stripping libraries is possible
configure:12001: result: yes
configure:12036: checking if libtool supports shared libraries
configure:12038: result: yes
configure:12041: checking whether to build shared libraries
configure:12062: result: yes
configure:12065: checking whether to build static libraries
configure:12069: result: yes
configure:12092: checking how to run the C++ preprocessor
configure:12119: g++ -E  conftest.cpp
configure:12119: $? = 0
configure:12133: g++ -E  conftest.cpp
conftest.cpp:24:28: fatal error: ac_nonexistent.h: No such file or directory
compilation terminated.
configure:12133: $? = 1
configure: failed program was:
| /* confdefs.h */
| #define PACKAGE_NAME "trng"
| #define PACKAGE_TARNAME "trng"
| #define PACKAGE_VERSION "4.19"
| #define PACKAGE_STRING "trng 4.19"
| #define PACKAGE_BUGREPORT "trng@mail.de"
| #define PACKAGE_URL ""
| #define PACKAGE "trng"
| #define VERSION "4.19"
| #define TRNG_VERSION 4.19
| #define STDC_HEADERS 1
| #define HAVE_SYS_TYPES_H 1
| #define HAVE_SYS_STAT_H 1
| #define HAVE_STDLIB_H 1
| #define HAVE_STRING_H 1
| #define HAVE_MEMORY_H 1
| #define HAVE_STRINGS_H 1
| #define HAVE_INTTYPES_H 1
| #define HAVE_STDINT_H 1
| #define HAVE_UNISTD_H 1
| #define HAVE_DLFCN_H 1
| #define LT_OBJDIR ".libs/"
| /* end confdefs.h.  */
| #include <ac_nonexistent.h>
configure:12158: result: g++ -E
configure:12178: g++ -E  conftest.cpp
configure:12178: $? = 0
configure:12192: g++ -E  conftest.cpp
conftest.cpp:24:28: fatal error: ac_nonexistent.h: No such file or directory
compilation terminated.
configure:12192: $? = 1
configure: failed program was:
| /* confdefs.h */
| #define PACKAGE_NAME "trng"
| #define PACKAGE_TARNAME "trng"
| #define PACKAGE_VERSION "4.19"
| #define PACKAGE_STRING "trng 4.19"
| #define PACKAGE_BUGREPORT "trng@mail.de"
| #define PACKAGE_URL ""
| #define PACKAGE "trng"
| #define VERSION "4.19"
| #define TRNG_VERSION 4.19
| #define STDC_HEADERS 1
| #define HAVE_SYS_TYPES_H 1
| #define HAVE_SYS_STAT_H 1
| #define HAVE_STDLIB_H 1
| #define HAVE_STRING_H 1
| #define HAVE_MEMORY_H 1
| #define HAVE_STRINGS_H 1
| #define HAVE_INTTYPES_H 1
| #define HAVE_STDINT_H 1
| #define HAVE_UNISTD_H 1
| #define HAVE_DLFCN_H 1
| #define LT_OBJDIR ".libs/"
| /* end confdefs.h.  */
| #include <ac_nonexistent.h>
configure:12361: checking for ld used by g++
configure:12428: result: /usr/bin/ld -m elf_x86_64
configure:12435: checking if the linker (/usr/bin/ld -m elf_x86_64) is GNU ld
configure:12450: result: yes
configure:12505: checking whether the g++ linker (/usr/bin/ld -m elf_x86_64) supports shared libraries
configure:13507: result: yes
configure:13543: g++ -c -g -O2  conftest.cpp >&5
configure:13546: $? = 0
configure:14066: checking for g++ option to produce PIC
configure:14073: result: -fPIC -DPIC
configure:14081: checking if g++ PIC flag -fPIC -DPIC works
configure:14099: g++ -c -g -O2  -fPIC -DPIC -DPIC conftest.cpp >&5
configure:14103: $? = 0
configure:14116: result: yes
configure:14139: checking if g++ static flag -static works
configure:14167: result: yes
configure:14179: checking if g++ supports -c -o file.o
configure:14200: g++ -c -g -O2  -o out/conftest2.o conftest.cpp >&5
configure:14204: $? = 0
configure:14226: result: yes
configure:14231: checking if g++ supports -c -o file.o
configure:14278: result: yes
configure:14308: checking whether the g++ linker (/usr/bin/ld -m elf_x86_64) supports shared libraries
configure:14347: result: yes
configure:14488: checking dynamic linker characteristics
configure:15156: result: GNU/Linux ld.so
configure:15209: checking how to hardcode library paths into programs
configure:15234: result: immediate
configure:15297: checking whether the compiler recognizes long long as a built-in type
configure:15324: g++ -c -g -O2  conftest.cpp >&5
configure:15324: $? = 0
configure:15338: result: yes
configure:15390: checking for the Boost C++ libraries, version 103000 or newer
configure:15405: g++ -c -g -O2   conftest.cpp >&5
configure:15405: $? = 0
configure:15441: g++ -c -g -O2   conftest.cpp >&5
configure:15441: $? = 0
configure:15443: result: yes
configure:15482: checking for mpic++
configure:15498: found /usr/bin/mpic++
configure:15509: result: mpic++
configure:15527: checking for MPI_Init
configure:15527: mpic++ -o conftest -g -O2   conftest.cpp  >&5
configure:15527: $? = 0
configure:15527: result: yes
configure:15619: checking for mpi.h
configure:15632: mpic++ -c -g -O2  conftest.cpp >&5
configure:15632: $? = 0
configure:15633: result: yes
configure:15660: checking for OpenMP flag of C++ compiler
configure:15700: g++ -o conftest -g -O2 -fopenmp   conftest.cpp  >&5
configure:15700: $? = 0
configure:15709: result: -fopenmp
configure:15731: checking for erff
configure:15731: g++ -o conftest -g -O2   conftest.cpp  >&5
configure:15731: $? = 0
configure:15731: result: yes
configure:15746: checking for erf
configure:15746: g++ -o conftest -g -O2   conftest.cpp  >&5
configure:15746: $? = 0
configure:15746: result: yes
configure:15759: checking for erfl
configure:15759: g++ -o conftest -g -O2   conftest.cpp  >&5
configure:15759: $? = 0
configure:15759: result: yes
configure:15772: checking for erfcf
configure:15772: g++ -o conftest -g -O2   conftest.cpp  >&5
configure:15772: $? = 0
configure:15772: result: yes
configure:15785: checking for erfc
configure:15785: g++ -o conftest -g -O2   conftest.cpp  >&5
configure:15785: $? = 0
configure:15785: result: yes
configure:15798: checking for erfcl
configure:15798: g++ -o conftest -g -O2   conftest.cpp  >&5
configure:15798: $? = 0
configure:15798: result: yes
configure:15811: checking for tgammaf
configure:15811: g++ -o conftest -g -O2   conftest.cpp  >&5
configure:15811: $? = 0
configure:15811: result: yes
configure:15824: checking for tgamma
configure:15824: g++ -o conftest -g -O2   conftest.cpp  >&5
configure:15824: $? = 0
configure:15824: result: yes
configure:15837: checking for tgammal
configure:15837: g++ -o conftest -g -O2   conftest.cpp  >&5
configure:15837: $? = 0
configure:15837: result: yes
configure:15850: checking for lgammaf
configure:15850: g++ -o conftest -g -O2   conftest.cpp  >&5
configure:15850: $? = 0
configure:15850: result: yes
configure:15863: checking for lgamma
configure:15863: g++ -o conftest -g -O2   conftest.cpp  >&5
configure:15863: $? = 0
configure:15863: result: yes
configure:15876: checking for lgammal
configure:15876: g++ -o conftest -g -O2   conftest.cpp  >&5
configure:15876: $? = 0
configure:15876: result: yes
configure:15895: checking tbb/parallel_for.h usability
configure:15895: g++ -c -g -O2  conftest.cpp >&5
conftest.cpp:85:30: fatal error: tbb/parallel_for.h: No such file or directory
compilation terminated.
configure:15895: $? = 1
configure: failed program was:
| /* confdefs.h */
| #define PACKAGE_NAME "trng"
| #define PACKAGE_TARNAME "trng"
| #define PACKAGE_VERSION "4.19"
| #define PACKAGE_STRING "trng 4.19"
| #define PACKAGE_BUGREPORT "trng@mail.de"
| #define PACKAGE_URL ""
| #define PACKAGE "trng"
| #define VERSION "4.19"
| #define TRNG_VERSION 4.19
| #define STDC_HEADERS 1
| #define HAVE_SYS_TYPES_H 1
| #define HAVE_SYS_STAT_H 1
| #define HAVE_STDLIB_H 1
| #define HAVE_STRING_H 1
| #define HAVE_MEMORY_H 1
| #define HAVE_STRINGS_H 1
| #define HAVE_INTTYPES_H 1
| #define HAVE_STDINT_H 1
| #define HAVE_UNISTD_H 1
| #define HAVE_DLFCN_H 1
| #define LT_OBJDIR ".libs/"
| #define TRNG_HAVE_LONG_LONG /**/
| #define TRNG_HAVE_BOOST 1
| #define TRNG_HAVE_MPI 1
| #define TRNG_HAVE_OPENMP 1
| #define HAVE_ERFF 1
| #define TRNG_HAVE_ERFF 1
| #define HAVE_ERF 1
| #define TRNG_HAVE_ERF 1
| #define HAVE_ERFL 1
| #define TRNG_HAVE_ERFL 1
| #define HAVE_ERFCF 1
| #define TRNG_HAVE_ERFCF 1
| #define HAVE_ERFC 1
| #define TRNG_HAVE_ERFC 1
| #define HAVE_ERFCL 1
| #define TRNG_HAVE_ERFCL 1
| #define HAVE_TGAMMAF 1
| #define TRNG_HAVE_TGAMMAF 1
| #define HAVE_TGAMMA 1
| #define TRNG_HAVE_TGAMMA 1
| #define HAVE_TGAMMAL 1
| #define TRNG_HAVE_TGAMMAL 1
| #define HAVE_LGAMMAF 1
| #define TRNG_HAVE_LGAMMAF 1
| #define HAVE_LGAMMA 1
| #define TRNG_HAVE_LGAMMA 1
| #define HAVE_LGAMMAL 1
| #define TRNG_HAVE_LGAMMAL 1
| /* end confdefs.h.  */
| #include <stdio.h>
| #ifdef HAVE_SYS_TYPES_H
| # include <sys/types.h>
| #endif
| #ifdef HAVE_SYS_STAT_H
| # include <sys/stat.h>
| #endif
| #ifdef STDC_HEADERS
| # include <stdlib.h>
| # include <stddef.h>
| #else
| # ifdef HAVE_STDLIB_H
| #  include <stdlib.h>
| # endif
| #endif
| #ifdef HAVE_STRING_H
| # if !defined STDC_HEADERS && defined HAVE_MEMORY_H
| #  include <memory.h>
| # endif
| # include <string.h>
| #endif
| #ifdef HAVE_STRINGS_H
| # include <strings.h>
| #endif
| #ifdef HAVE_INTTYPES_H
| # include <inttypes.h>
| #endif
| #ifdef HAVE_STDINT_H
| # include <stdint.h>
| #endif
| #ifdef HAVE_UNISTD_H
| # include <unistd.h>
| #endif
| #include <tbb/parallel_for.h>
configure:15895: result: no
configure:15895: checking tbb/parallel_for.h presence
configure:15895: g++ -E  conftest.cpp
conftest.cpp:52:30: fatal error: tbb/parallel_for.h: No such file or directory
compilation terminated.
configure:15895: $? = 1
configure: failed program was:
| /* confdefs.h */
| #define PACKAGE_NAME "trng"
| #define PACKAGE_TARNAME "trng"
| #define PACKAGE_VERSION "4.19"
| #define PACKAGE_STRING "trng 4.19"
| #define PACKAGE_BUGREPORT "trng@mail.de"
| #define PACKAGE_URL ""
| #define PACKAGE "trng"
| #define VERSION "4.19"
| #define TRNG_VERSION 4.19
| #define STDC_HEADERS 1
| #define HAVE_SYS_TYPES_H 1
| #define HAVE_SYS_STAT_H 1
| #define HAVE_STDLIB_H 1
| #define HAVE_STRING_H 1
| #define HAVE_MEMORY_H 1
| #define HAVE_STRINGS_H 1
| #define HAVE_INTTYPES_H 1
| #define HAVE_STDINT_H 1
| #define HAVE_UNISTD_H 1
| #define HAVE_DLFCN_H 1
| #define LT_OBJDIR ".libs/"
| #define TRNG_HAVE_LONG_LONG /**/
| #define TRNG_HAVE_BOOST 1
| #define TRNG_HAVE_MPI 1
| #define TRNG_HAVE_OPENMP 1
| #define HAVE_ERFF 1
| #define TRNG_HAVE_ERFF 1
| #define HAVE_ERF 1
| #define TRNG_HAVE_ERF 1
| #define HAVE_ERFL 1
| #define TRNG_HAVE_ERFL 1
| #define HAVE_ERFCF 1
| #define TRNG_HAVE_ERFCF 1
| #define HAVE_ERFC 1
| #define TRNG_HAVE_ERFC 1
| #define HAVE_ERFCL 1
| #define TRNG_HAVE_ERFCL 1
| #define HAVE_TGAMMAF 1
| #define TRNG_HAVE_TGAMMAF 1
| #define HAVE_TGAMMA 1
| #define TRNG_HAVE_TGAMMA 1
| #define HAVE_TGAMMAL 1
| #define TRNG_HAVE_TGAMMAL 1
| #define HAVE_LGAMMAF 1
| #define TRNG_HAVE_LGAMMAF 1
| #define HAVE_LGAMMA 1
| #define TRNG_HAVE_LGAMMA 1
| #define HAVE_LGAMMAL 1
| #define TRNG_HAVE_LGAMMAL 1
| /* end confdefs.h.  */
| #include <tbb/parallel_for.h>
configure:15895: result: no
configure:15895: checking for tbb/parallel_for.h
configure:15895: result: no
configure:15905: result: Cannot find Intel Threading Building Blocks.
configure:16024: checking that generated files are newer than configure
configure:16030: result: done
configure:16057: creating ./config.status

## ---------------- ##
## Cache variables. ##
## ---------------- ##

ac_cv_build=x86_64-unknown-linux-gnu
ac_cv_c_compiler_gnu=yes
ac_cv_cxx_compiler_gnu=yes
ac_cv_cxx_long_long=yes
ac_cv_env_CCC_set=
ac_cv_env_CCC_value=
ac_cv_env_CC_set=
ac_cv_env_CC_value=
ac_cv_env_CFLAGS_set=
ac_cv_env_CFLAGS_value=
ac_cv_env_CPPFLAGS_set=
ac_cv_env_CPPFLAGS_value=
ac_cv_env_CPP_set=
ac_cv_env_CPP_value=
ac_cv_env_CXXCPP_set=
ac_cv_env_CXXCPP_value=
ac_cv_env_CXXFLAGS_set=
ac_cv_env_CXXFLAGS_value=
ac_cv_env_CXX_set=
ac_cv_env_CXX_value=
ac_cv_env_LDFLAGS_set=
ac_cv_env_LDFLAGS_value=
ac_cv_env_LIBS_set=
ac_cv_env_LIBS_value=
ac_cv_env_MPICXX_set=
ac_cv_env_MPICXX_value=
ac_cv_env_build_alias_set=
ac_cv_env_build_alias_value=
ac_cv_env_host_alias_set=
ac_cv_env_host_alias_value=
ac_cv_env_target_alias_set=
ac_cv_env_target_alias_value=
ac_cv_func_MPI_Init=yes
ac_cv_func_erf=yes
ac_cv_func_erfc=yes
ac_cv_func_erfcf=yes
ac_cv_func_erfcl=yes
ac_cv_func_erff=yes
ac_cv_func_erfl=yes
ac_cv_func_lgamma=yes
ac_cv_func_lgammaf=yes
ac_cv_func_lgammal=yes
ac_cv_func_tgamma=yes
ac_cv_func_tgammaf=yes
ac_cv_func_tgammal=yes
ac_cv_header_dlfcn_h=yes
ac_cv_header_inttypes_h=yes
ac_cv_header_memory_h=yes
ac_cv_header_stdc=yes
ac_cv_header_stdint_h=yes
ac_cv_header_stdlib_h=yes
ac_cv_header_string_h=yes
ac_cv_header_strings_h=yes
ac_cv_header_sys_stat_h=yes
ac_cv_header_sys_types_h=yes
ac_cv_header_tbb_parallel_for_h=no
ac_cv_header_unistd_h=yes
ac_cv_host=x86_64-unknown-linux-gnu
ac_cv_objext=o
ac_cv_path_EGREP='/bin/grep -E'
ac_cv_path_FGREP='/bin/grep -F'
ac_cv_path_GREP=/bin/grep
ac_cv_path_SED=/bin/sed
ac_cv_path_install='/usr/bin/install -c'
ac_cv_path_mkdir=/bin/mkdir
ac_cv_prog_AWK=mawk
ac_cv_prog_CPP='gcc -E'
ac_cv_prog_CXXCPP='g++ -E'
ac_cv_prog_MPICXX=mpic++
ac_cv_prog_ac_ct_AR=ar
ac_cv_prog_ac_ct_CC=gcc
ac_cv_prog_ac_ct_CXX=g++
ac_cv_prog_ac_ct_MANIFEST_TOOL=mt
ac_cv_prog_ac_ct_OBJDUMP=objdump
ac_cv_prog_ac_ct_RANLIB=ranlib
ac_cv_prog_ac_ct_STRIP=strip
ac_cv_prog_cc_c89=
ac_cv_prog_cc_g=yes
ac_cv_prog_cxx_g=yes
ac_cv_prog_make_make_set=yes
am_cv_CC_dependencies_compiler_type=gcc3
am_cv_CXX_dependencies_compiler_type=gcc3
am_cv_make_support_nested_variables=yes
am_cv_prog_cc_c_o=yes
ax_cv_cxx_openmp=-fopenmp
lt_cv_ar_at_file=@
lt_cv_archive_cmds_need_lc=no
lt_cv_deplibs_check_method=pass_all
lt_cv_file_magic_cmd='$MAGIC_CMD'
lt_cv_file_magic_test_file=
lt_cv_ld_reload_flag=-r
lt_cv_nm_interface='BSD nm'
lt_cv_objdir=.libs
lt_cv_path_LD=/usr/bin/ld
lt_cv_path_LDCXX='/usr/bin/ld -m elf_x86_64'
lt_cv_path_NM='/usr/bin/nm -B'
lt_cv_path_mainfest_tool=no
lt_cv_prog_compiler_c_o=yes
lt_cv_prog_compiler_c_o_CXX=yes
lt_cv_prog_compiler_pic='-fPIC -DPIC'
lt_cv_prog_compiler_pic_CXX='-fPIC -DPIC'
lt_cv_prog_compiler_pic_works=yes
lt_cv_prog_compiler_pic_works_CXX=yes
lt_cv_prog_compiler_rtti_exceptions=no
lt_cv_prog_compiler_static_works=yes
lt_cv_prog_compiler_static_works_CXX=yes
lt_cv_prog_gnu_ld=yes
lt_cv_prog_gnu_ldcxx=yes
lt_cv_sharedlib_from_linklib_cmd='printf %s\n'
lt_cv_shlibpath_overrides_runpath=no
lt_cv_sys_global_symbol_pipe='sed -n -e '\''s/^.*[	 ]\([ABCDGIRSTW][ABCDGIRSTW]*\)[	 ][	 ]*\([_A-Za-z][_A-Za-z0-9]*\)$/\1 \2 \2/p'\'' | sed '\''/ __gnu_lto/d'\'''
lt_cv_sys_global_symbol_to_c_name_address='sed -n -e '\''s/^: \([^ ]*\)[ ]*$/  {\"\1\", (void *) 0},/p'\'' -e '\''s/^[ABCDGIRSTW]* \([^ ]*\) \([^ ]*\)$/  {"\2", (void *) \&\2},/p'\'''
lt_cv_sys_global_symbol_to_c_name_address_lib_prefix='sed -n -e '\''s/^: \([^ ]*\)[ ]*$/  {\"\1\", (void *) 0},/p'\'' -e '\''s/^[ABCDGIRSTW]* \([^ ]*\) \(lib[^ ]*\)$/  {"\2", (void *) \&\2},/p'\'' -e '\''s/^[ABCDGIRSTW]* \([^ ]*\) \([^ ]*\)$/  {"lib\2", (void *) \&\2},/p'\'''
lt_cv_sys_global_symbol_to_cdecl='sed -n -e '\''s/^T .* \(.*\)$/extern int \1();/p'\'' -e '\''s/^[ABCDGIRSTW]* .* \(.*\)$/extern char \1;/p'\'''
lt_cv_sys_max_cmd_len=1572864
lt_cv_to_host_file_cmd=func_convert_file_noop
lt_cv_to_tool_file_cmd=func_convert_file_noop

## ----------------- ##
## Output variables. ##
## ----------------- ##

ACLOCAL='${SHELL} /home/work-bryce/cave-dweller/trng4/missing aclocal-1.15'
AMDEPBACKSLASH='\'
AMDEP_FALSE='#'
AMDEP_TRUE=''
AMTAR='$${TAR-tar}'
AM_BACKSLASH='\'
AM_DEFAULT_V='$(AM_DEFAULT_VERBOSITY)'
AM_DEFAULT_VERBOSITY='1'
AM_V='$(V)'
AR='ar'
AUTOCONF='${SHELL} /home/work-bryce/cave-dweller/trng4/missing autoconf'
AUTOHEADER='${SHELL} /home/work-bryce/cave-dweller/trng4/missing autoheader'
AUTOMAKE='${SHELL} /home/work-bryce/cave-dweller/trng4/missing automake-1.15'
AWK='mawk'
BOOST_CXXFLAGS=''
CC='gcc'
CCDEPMODE='depmode=gcc3'
CFLAGS='-g -O2'
CPP='gcc -E'
CPPFLAGS=''
CXX='g++'
CXXCPP='g++ -E'
CXXDEPMODE='depmode=gcc3'
CXXFLAGS='-g -O2'
CYGPATH_W='echo'
DEFS='-DHAVE_CONFIG_H'
DEPDIR='.deps'
DLLTOOL='false'
DSYMUTIL=''
DUMPBIN=''
ECHO_C=''
ECHO_N='-n'
ECHO_T=''
EGREP='/bin/grep -E'
EXEEXT=''
FGREP='/bin/grep -F'
GREP='/bin/grep'
INSTALL_DATA='${INSTALL} -m 644'
INSTALL_PROGRAM='${INSTALL}'
INSTALL_SCRIPT='${INSTALL}'
INSTALL_STRIP_PROGRAM='$(install_sh) -c -s'
LD='/usr/bin/ld -m elf_x86_64'
LDFLAGS=''
LIBOBJS=''
LIBS=''
LIBTOOL='$(SHELL) $(top_builddir)/libtool'
LIB_TBB=''
LIPO=''
LN_S='ln -s'
LTLIBOBJS=''
MAKEINFO='${SHELL} /home/work-bryce/cave-dweller/trng4/missing makeinfo'
MANIFEST_TOOL=':'
MKDIR_P='/bin/mkdir -p'
MPICXX='mpic++'
MPILIBS=' '
NM='/usr/bin/nm -B'
NMEDIT=''
OBJDUMP='objdump'
OBJEXT='o'
OPENMP_CXXFLAGS='-fopenmp'
OTOOL64=''
OTOOL=''
PACKAGE='trng'
PACKAGE_BUGREPORT='trng@mail.de'
PACKAGE_NAME='trng'
PACKAGE_STRING='trng 4.19'
PACKAGE_TARNAME='trng'
PACKAGE_URL=''
PACKAGE_VERSION='4.19'
PATH_SEPARATOR=':'
RANLIB='ranlib'
SED='/bin/sed'
SET_MAKE=''
SHELL='/bin/bash'
STRIP='strip'
VERSION='4.19'
ac_ct_AR='ar'
ac_ct_CC='gcc'
ac_ct_CXX='g++'
ac_ct_DUMPBIN=''
am__EXEEXT_FALSE=''
am__EXEEXT_TRUE='#'
am__fastdepCC_FALSE='#'
am__fastdepCC_TRUE=''
am__fastdepCXX_FALSE='#'
am__fastdepCXX_TRUE=''
am__include='include'
am__isrc=''
am__leading_dot='.'
am__nodep='_no'
am__quote=''
am__tar='$${TAR-tar} chof - "$$tardir"'
am__untar='$${TAR-tar} xf -'
bindir='${exec_prefix}/bin'
build='x86_64-unknown-linux-gnu'
build_alias=''
build_cpu='x86_64'
build_os='linux-gnu'
build_vendor='unknown'
datadir='${datarootdir}'
datarootdir='${prefix}/share'
docdir='${datarootdir}/doc/${PACKAGE_TARNAME}'
dvidir='${docdir}'
exec_prefix='${prefix}'
host='x86_64-unknown-linux-gnu'
host_alias=''
host_cpu='x86_64'
host_os='linux-gnu'
host_vendor='unknown'
htmldir='${docdir}'
includedir='${prefix}/include'
infodir='${datarootdir}/info'
install_sh='${SHELL} /home/work-bryce/cave-dweller/trng4/install-sh'
libdir='${exec_prefix}/lib'
libexecdir='${exec_prefix}/libexec'
localedir='${datarootdir}/locale'
localstatedir='${prefix}/var'
mandir='${datarootdir}/man'
mkdir_p='$(MKDIR_P)'
oldincludedir='/usr/include'
pdfdir='${docdir}'
prefix='/usr/local'
program_transform_name='s,x,x,'
psdir='${docdir}'
sbindir='${exec_prefix}/sbin'
sharedstatedir='${prefix}/com'
sysconfdir='${prefix}/etc'
target_alias=''

## ----------- ##
## confdefs.h. ##
## ----------- ##

/* confdefs.h */
#define PACKAGE_NAME "trng"
#define PACKAGE_TARNAME "trng"
#define PACKAGE_VERSION "4.19"
#define PACKAGE_STRING "trng 4.19"
#define PACKAGE_BUGREPORT "trng@mail.de"
#define PACKAGE_URL ""
#define PACKAGE "trng"
#define VERSION "4.19"
#define TRNG_VERSION 4.19
#define STDC_HEADERS 1
#define HAVE_SYS_TYPES_H 1
#define HAVE_SYS_STAT_H 1
#define HAVE_STDLIB_H 1
#define HAVE_STRING_H 1
#define HAVE_MEMORY_H 1
#define HAVE_STRINGS_H 1
#define HAVE_INTTYPES_H 1
#define HAVE_STDINT_H 1
#define HAVE_UNISTD_H 1
#define HAVE_DLFCN_H 1
#define LT_OBJDIR ".libs/"
#define TRNG_HAVE_LONG_LONG /**/
#define TRNG_HAVE_BOOST 1
#define TRNG_HAVE_MPI 1
#define TRNG_HAVE_OPENMP 1
#define HAVE_ERFF 1
#define TRNG_HAVE_ERFF 1
#define HAVE_ERF 1
#define TRNG_HAVE_ERF 1
#define HAVE_ERFL 1
#define TRNG_HAVE_ERFL 1
#define HAVE_ERFCF 1
#define TRNG_HAVE_ERFCF 1
#define HAVE_ERFC 1
#define TRNG_HAVE_ERFC 1
#define HAVE_ERFCL 1
#define TRNG_HAVE_ERFCL 1
#define HAVE_TGAMMAF 1
#define TRNG_HAVE_TGAMMAF 1
#define HAVE_TGAMMA 1
#define TRNG_HAVE_TGAMMA 1
#define HAVE_TGAMMAL 1
#define TRNG_HAVE_TGAMMAL 1
#define HAVE_LGAMMAF 1
#define TRNG_HAVE_LGAMMAF 1
#define HAVE_LGAMMA 1
#define TRNG_HAVE_LGAMMA 1
#define HAVE_LGAMMAL 1
#define TRNG_HAVE_LGAMMAL 1

configure: exit 0

## ---------------------- ##
## Running config.status. ##
## ---------------------- ##

This file was extended by trng config.status 4.19, which was
generated by GNU Autoconf 2.69.  Invocation command line was

  CONFIG_FILES    = 
  CONFIG_HEADERS  = 
  CONFIG_LINKS    = 
  CONFIG_COMMANDS = 
  $ ./config.status 

on kittycatmeow

config.status:1180: creating Makefile
config.status:1180: creating trng/Makefile
config.status:1180: creating src/Makefile
config.status:1180: creating examples/Makefile
config.status:1180: creating src/config.hpp
config.status:1409: executing depfiles commands
config.status:1409: executing libtool commands
